[thedise.me/index.html]
[backblue.gif]
[fade.gif]
[index.html]
[cdn.jsdelivr.net/npm/@mdi/font@4.5.95/css/materialdesignicons.min.css]
[cdnjs.cloudflare.com/ajax/libs/popper.js/1.14.7/umd/popper.min.js]
[pagead2.googlesyndication.com/pagead/js/f.txt]
[code.jquery.com/jquery-3.6.0.min.js]
[stackpath.bootstrapcdn.com/bootstrap/4.3.1/js/bootstrap.min.js]
[thedise.me/index.html]
[mc.yandex.ru/metrika/tag.js]
[cdn.jsdelivr.net/npm/@mdi/font@4.5.95/css/materialdesignicons.min.css]
[thedise.me/instander/index.html]
[thedise.me/dmgc/index.html]
[thedise.me/donuts/index.html]
[thedise.me/index8e54.html]
[thedise.me/aion/index.html]
[thedise.me/index57bd.html]
[thedise.me/instander/index.html]
[thedise.me/dmgc/index.html]
[thedise.me/instander/index8e54.html]
[thedise.me/instander/index57bd.html]
[thedise.me/instander/repo/index.html]
[thedise.me/dmgc/table/index.html]
[thedise.me/aion/files/Aion-4-Eng.bin]
[thedise.me/aion/index8e54.html]
[thedise.me/aion/index57bd.html]
[thedise.me/aion/files/Aion-4-Rus.bin]
[thedise.me/aion/files/Aion-4-Ukr.bin]
[cdnjs.cloudflare.com/ajax/libs/bodymovin/5.5.3/lottie.js]
[thedise.me/aion/files/Aion-5-Eng.zip]
[thedise.me/aion/files/Aion-5-Rus.zip]
[thedise.me/aion/files/aion-6.zip]
[thedise.me/aion/files/aion-6-ru.zip]
[thedise.me/aion/files/aion-6-uk.zip]
[thedise.me/aion/index.html]
[thedise.me/donuts/index.html]
[thedise.me/index8e54.html]
[thedise.me/index57bd.html]
[thedise.me/instander/index8e54.html]
[thedise.me/instander/index57bd.html]
[thedise.me/donuts/index57bd.html]
[thedise.me/donuts/index8e54.html]
[thedise.me/files/favicon.1a.delayed]
[thedise.me/instander/repo/index.html]
[thedise.me/dmgc/table/index.html]
[thedise.me/aion/index8e54.html]
[thedise.me/aion/index57bd.html]
[thedise.me/donuts/index8e54.html]
[thedise.me/donuts/index57bd.html]
[thedise.me/files/favicon.html]
[thedise.me/band/aion/index.html]
[thedise.me/band/fatch/index.html]
[thedise.me/band/fatch/index.html]
[thedise.me/band/aion/index.html]
